[debug] [2025-01-17T16:35:33.517Z] ----------------------------------------------------------------------
[debug] [2025-01-17T16:35:33.520Z] Command:       C:\Program Files\nodejs\node.exe C:\Users\hp\AppData\Roaming\npm\node_modules\firebase-tools\lib\bin\firebase.js init
[debug] [2025-01-17T16:35:33.521Z] CLI Version:   13.29.1
[debug] [2025-01-17T16:35:33.521Z] Platform:      win32
[debug] [2025-01-17T16:35:33.521Z] Node Version:  v20.13.1
[debug] [2025-01-17T16:35:33.521Z] Time:          Fri Jan 17 2025 17:35:33 GMT+0100 (közép-európai téli idő)
[debug] [2025-01-17T16:35:33.522Z] ----------------------------------------------------------------------
[debug] 
[debug] [2025-01-17T16:35:33.525Z] >>> [apiv2][query] GET https://firebase-public.firebaseio.com/cli.json [none]
[debug] [2025-01-17T16:35:33.653Z] Object "" in "firebase.json" has unknown property: {"additionalProperty":"0"}
[debug] [2025-01-17T16:35:33.658Z] > command requires scopes: ["email","openid","https://www.googleapis.com/auth/cloudplatformprojects.readonly","https://www.googleapis.com/auth/firebase","https://www.googleapis.com/auth/cloud-platform"]
[debug] [2025-01-17T16:35:33.659Z] > authorizing via signed-in user (dreamwarrior6666@gmail.com)
[debug] [2025-01-17T16:35:33.660Z] Object "" in "firebase.json" has unknown property: {"additionalProperty":"0"}
[info] 
     ######## #### ########  ######## ########     ###     ######  ########
     ##        ##  ##     ## ##       ##     ##  ##   ##  ##       ##
     ######    ##  ########  ######   ########  #########  ######  ######
     ##        ##  ##    ##  ##       ##     ## ##     ##       ## ##
     ##       #### ##     ## ######## ########  ##     ##  ######  ########

You're about to initialize a Firebase project in this directory:

  C:\Users\hp\Downloads\FrontendBeadando20250114-main\Frontend

Before we get started, keep in mind:

  * You are initializing within an existing Firebase project directory

[debug] [2025-01-17T16:35:33.998Z] <<< [apiv2][status] GET https://firebase-public.firebaseio.com/cli.json 200
[debug] [2025-01-17T16:35:33.999Z] <<< [apiv2][body] GET https://firebase-public.firebaseio.com/cli.json {"cloudBuildErrorAfter":1594252800000,"cloudBuildWarnAfter":1590019200000,"defaultNode10After":1594252800000,"minVersion":"3.0.5","node8DeploysDisabledAfter":1613390400000,"node8RuntimeDisabledAfter":1615809600000,"node8WarnAfter":1600128000000}
[info] 
=== Project Setup
[info] 
[info] First, let's associate this project directory with a Firebase project.
[info] You can create multiple project aliases by running firebase use --add, 
[info] but for now we'll just set up a default project.
[info] 
[debug] [2025-01-17T16:35:42.944Z] Using project from CLI flag: frontend
[debug] [2025-01-17T16:35:42.945Z] Checked if tokens are valid: false, expires at: 1736942329462
[debug] [2025-01-17T16:35:42.946Z] Checked if tokens are valid: false, expires at: 1736942329462
[debug] [2025-01-17T16:35:42.946Z] > refreshing access token with scopes: []
[debug] [2025-01-17T16:35:42.947Z] >>> [apiv2][query] POST https://www.googleapis.com/oauth2/v3/token [none]
[debug] [2025-01-17T16:35:42.947Z] >>> [apiv2][body] POST https://www.googleapis.com/oauth2/v3/token [omitted]
[debug] [2025-01-17T16:35:43.084Z] <<< [apiv2][status] POST https://www.googleapis.com/oauth2/v3/token 200
[debug] [2025-01-17T16:35:43.085Z] <<< [apiv2][body] POST https://www.googleapis.com/oauth2/v3/token [omitted]
[debug] [2025-01-17T16:35:43.106Z] >>> [apiv2][query] GET https://firebase.googleapis.com/v1beta1/projects/frontend [none]
[debug] [2025-01-17T16:35:43.552Z] <<< [apiv2][status] GET https://firebase.googleapis.com/v1beta1/projects/frontend 403
[debug] [2025-01-17T16:35:43.552Z] <<< [apiv2][body] GET https://firebase.googleapis.com/v1beta1/projects/frontend {"error":{"code":403,"message":"The caller does not have permission","status":"PERMISSION_DENIED"}}
[debug] [2025-01-17T16:35:43.554Z] Request to https://firebase.googleapis.com/v1beta1/projects/frontend had HTTP Error: 403, The caller does not have permission
[debug] [2025-01-17T16:35:43.622Z] FirebaseError: Request to https://firebase.googleapis.com/v1beta1/projects/frontend had HTTP Error: 403, The caller does not have permission
    at responseToError (C:\Users\hp\AppData\Roaming\npm\node_modules\firebase-tools\lib\responseToError.js:52:12)
    at RetryOperation._fn (C:\Users\hp\AppData\Roaming\npm\node_modules\firebase-tools\lib\apiv2.js:312:77)
    at process.processTicksAndRejections (node:internal/process/task_queues:95:5)
[error] 
[error] Error: Failed to get Firebase project frontend. Please make sure the project exists and your account has permission to access it.
[debug] [2025-01-17T16:36:21.892Z] ----------------------------------------------------------------------
[debug] [2025-01-17T16:36:21.895Z] Command:       C:\Program Files\nodejs\node.exe C:\Users\hp\AppData\Roaming\npm\node_modules\firebase-tools\lib\bin\firebase.js init
[debug] [2025-01-17T16:36:21.896Z] CLI Version:   13.29.1
[debug] [2025-01-17T16:36:21.896Z] Platform:      win32
[debug] [2025-01-17T16:36:21.896Z] Node Version:  v20.13.1
[debug] [2025-01-17T16:36:21.896Z] Time:          Fri Jan 17 2025 17:36:21 GMT+0100 (közép-európai téli idő)
[debug] [2025-01-17T16:36:21.896Z] ----------------------------------------------------------------------
[debug] 
[debug] [2025-01-17T16:36:21.971Z] Object "" in "firebase.json" has unknown property: {"additionalProperty":"0"}
[debug] [2025-01-17T16:36:21.976Z] > command requires scopes: ["email","openid","https://www.googleapis.com/auth/cloudplatformprojects.readonly","https://www.googleapis.com/auth/firebase","https://www.googleapis.com/auth/cloud-platform"]
[debug] [2025-01-17T16:36:21.976Z] > authorizing via signed-in user (dreamwarrior6666@gmail.com)
[debug] [2025-01-17T16:36:21.977Z] Object "" in "firebase.json" has unknown property: {"additionalProperty":"0"}
[info] 
     ######## #### ########  ######## ########     ###     ######  ########
     ##        ##  ##     ## ##       ##     ##  ##   ##  ##       ##
     ######    ##  ########  ######   ########  #########  ######  ######
     ##        ##  ##    ##  ##       ##     ## ##     ##       ## ##
     ##       #### ##     ## ######## ########  ##     ##  ######  ########

You're about to initialize a Firebase project in this directory:

  C:\Users\hp\Downloads\FrontendBeadando20250114-main\Frontend

Before we get started, keep in mind:

  * You are initializing within an existing Firebase project directory

[info] 
=== Project Setup
[info] 
[info] First, let's associate this project directory with a Firebase project.
[info] You can create multiple project aliases by running firebase use --add, 
[info] but for now we'll just set up a default project.
[info] 
[debug] [2025-01-17T16:36:27.624Z] Using project from CLI flag: frontend
[debug] [2025-01-17T16:36:27.626Z] Checked if tokens are valid: true, expires at: 1737135342085
[debug] [2025-01-17T16:36:27.627Z] Checked if tokens are valid: true, expires at: 1737135342085
[debug] [2025-01-17T16:36:27.629Z] >>> [apiv2][query] GET https://firebase.googleapis.com/v1beta1/projects/frontend [none]
[debug] [2025-01-17T16:36:28.020Z] <<< [apiv2][status] GET https://firebase.googleapis.com/v1beta1/projects/frontend 403
[debug] [2025-01-17T16:36:28.020Z] <<< [apiv2][body] GET https://firebase.googleapis.com/v1beta1/projects/frontend {"error":{"code":403,"message":"The caller does not have permission","status":"PERMISSION_DENIED"}}
[debug] [2025-01-17T16:36:28.021Z] Request to https://firebase.googleapis.com/v1beta1/projects/frontend had HTTP Error: 403, The caller does not have permission
[debug] [2025-01-17T16:36:28.094Z] FirebaseError: Request to https://firebase.googleapis.com/v1beta1/projects/frontend had HTTP Error: 403, The caller does not have permission
    at responseToError (C:\Users\hp\AppData\Roaming\npm\node_modules\firebase-tools\lib\responseToError.js:52:12)
    at RetryOperation._fn (C:\Users\hp\AppData\Roaming\npm\node_modules\firebase-tools\lib\apiv2.js:312:77)
    at process.processTicksAndRejections (node:internal/process/task_queues:95:5)
[error] 
[error] Error: Failed to get Firebase project frontend. Please make sure the project exists and your account has permission to access it.
